<?xml version="1.0" encoding="UTF-8"?>
<!-- Generated by org.testng.reporters.JUnitXMLReporter -->
<testsuite ignored="0" hostname="INF-LAW-030" failures="1" tests="4" name="Surefire test" time="35.406" errors="0" timestamp="2023-07-28T20:39:01 EEST">
  <testcase classname="testcases.AssertionsSoft" name="NotExpectedTheSameSizeOfRolesInDropDownList" time="3.919"/>
  <testcase classname="testcases.AssertionsSoft" name="ValidateError" time="20.47"/>
  <testcase classname="testcases.AssertionsSoft" name="WebSiteTitle" time="2.799"/>
  <testcase classname="testcases.AssertionsSoft" name="wrongWebSiteTitle" time="3.129">
    <failure type="java.lang.AssertionError" message="The following asserts failed:
	expected [My Fork - your educational solution] but found [My Fork]">
      <![CDATA[java.lang.AssertionError: The following asserts failed:
expected [My Fork - your educational solution] but found [My Fork]
at testcases.AssertionsSoft.wrongWebSiteTitle(AssertionsSoft.java:57)
at java.base/java.util.ArrayList.forEach(ArrayList.java:1511)
... Removed 32 stack frames]]>
    </failure>
  </testcase> <!-- wrongWebSiteTitle -->
</testsuite> <!-- Surefire test -->
