<?xml version="1.0" encoding="UTF-8"?>
<!-- Generated by org.testng.reporters.JUnitXMLReporter -->
<testsuite ignored="8" hostname="INF-LAW-030" failures="2" tests="2" name="Regression" time="0.005" errors="0" timestamp="2023-08-26T19:27:58 EEST">
  <testcase classname="testcases.AssertionsSoft" name="ValidateError" time="0.0">
    <failure type="java.lang.NullPointerException" message="Cannot invoke &amp;quot;pageobjects.HomePage.clickSignIn()&amp;quot; because &amp;quot;this.homePage&amp;quot; is null">
      <![CDATA[java.lang.NullPointerException: Cannot invoke "pageobjects.HomePage.clickSignIn()" because "this.homePage" is null
at testcases.AssertionsSoft.ValidateError(AssertionsSoft.java:41)
at java.base/java.util.concurrent.ThreadPoolExecutor.runWorker(ThreadPoolExecutor.java:1144)
at java.base/java.util.concurrent.ThreadPoolExecutor$Worker.run(ThreadPoolExecutor.java:642)
at java.base/java.lang.Thread.run(Thread.java:1623)
... Removed 10 stack frames]]>
    </failure>
  </testcase> <!-- ValidateError -->
  <testcase classname="testcases.DriverInteractions" name="scrollTest" time="0.0">
    <failure type="java.lang.NullPointerException" message="Cannot read field &amp;quot;webSiteURL&amp;quot; because &amp;quot;this.homePage&amp;quot; is null">
      <![CDATA[java.lang.NullPointerException: Cannot read field "webSiteURL" because "this.homePage" is null
at testcases.DriverInteractions.scrollTest(DriverInteractions.java:30)
at java.base/java.util.concurrent.ThreadPoolExecutor.runWorker(ThreadPoolExecutor.java:1144)
at java.base/java.util.concurrent.ThreadPoolExecutor$Worker.run(ThreadPoolExecutor.java:642)
at java.base/java.lang.Thread.run(Thread.java:1623)
... Removed 10 stack frames]]>
    </failure>
  </testcase> <!-- scrollTest -->
  <testcase classname="testcases.HardAssert" name="wrongWebSiteTitle" time="0.0">
    <ignored/>
  </testcase> <!-- wrongWebSiteTitle -->
  <testcase classname="testcases.AssertionsSoft" name="wrongWebSiteTitle" time="0.0">
    <ignored/>
  </testcase> <!-- wrongWebSiteTitle -->
  <testcase classname="testcases.AssertionsSoft" name="NotExpectedTheSameSizeOfRolesInDropDownList" time="0.0">
    <ignored/>
  </testcase> <!-- NotExpectedTheSameSizeOfRolesInDropDownList -->
  <testcase classname="testcases.AssertionsSoft" name="WebSiteTitle" time="0.0">
    <ignored/>
  </testcase> <!-- WebSiteTitle -->
  <testcase classname="testcases.HardAssert" name="WebSiteTitle" time="0.0">
    <ignored/>
  </testcase> <!-- WebSiteTitle -->
  <testcase classname="testcases.DriverInteractions" name="switchToTabTest" time="0.0">
    <ignored/>
  </testcase> <!-- switchToTabTest -->
  <testcase classname="testcases.HardAssert" name="ValidateError" time="0.0">
    <ignored/>
  </testcase> <!-- ValidateError -->
  <testcase classname="testcases.HardAssert" name="SizeOfRolesInDropDownList" time="0.0">
    <ignored/>
  </testcase> <!-- SizeOfRolesInDropDownList -->
</testsuite> <!-- Regression -->
